<?xml version="1.0" encoding="UTF-8"?>
<testsuite name="org.example.HamcrestTest" tests="1" skipped="0" failures="0" errors="0" timestamp="2024-11-26T21:41:36" hostname="DESKTOP-T80M4VE" time="0.056">
  <properties/>
  <testcase name="asercionesCombinada()" classname="org.example.HamcrestTest" time="0.056"/>
  <system-out><![CDATA[]]></system-out>
  <system-err><![CDATA[]]></system-err>
</testsuite>
